<?xml version="1.0" encoding="UTF-8" ?>
<testsuite tests="3" failures="1" name="TestSuite" time="0.596" errors="0" skipped="0">
  <properties>
    <property name="java.runtime.name" value="Java(TM) SE Runtime Environment"/>
    <property name="sun.boot.library.path" value="/Library/Java/JavaVirtualMachines/jdk1.8.0_05.jdk/Contents/Home/jre/lib"/>
    <property name="java.vm.version" value="25.5-b02"/>
    <property name="gopherProxySet" value="false"/>
    <property name="java.vm.vendor" value="Oracle Corporation"/>
    <property name="java.vendor.url" value="http://java.oracle.com/"/>
    <property name="path.separator" value=":"/>
    <property name="java.vm.name" value="Java HotSpot(TM) 64-Bit Server VM"/>
    <property name="file.encoding.pkg" value="sun.io"/>
    <property name="user.country" value="CN"/>
    <property name="sun.java.launcher" value="SUN_STANDARD"/>
    <property name="sun.os.patch.level" value="unknown"/>
    <property name="java.vm.specification.name" value="Java Virtual Machine Specification"/>
    <property name="user.dir" value="/Users/helentester163com/Documents/workspace/mytest/target"/>
    <property name="java.runtime.version" value="1.8.0_05-b13"/>
    <property name="java.awt.graphicsenv" value="sun.awt.CGraphicsEnvironment"/>
    <property name="basedir" value="/Users/helentester163com/Documents/workspace/mytest"/>
    <property name="java.endorsed.dirs" value="/Library/Java/JavaVirtualMachines/jdk1.8.0_05.jdk/Contents/Home/jre/lib/endorsed"/>
    <property name="os.arch" value="x86_64"/>
    <property name="surefire.real.class.path" value="/var/folders/_g/vhkvmngn49x1ldjb3n83l5xr0000gp/T/surefirebooter2456086405627112019.jar"/>
    <property name="java.io.tmpdir" value="/var/folders/_g/vhkvmngn49x1ldjb3n83l5xr0000gp/T/"/>
    <property name="line.separator" value="
"/>
    <property name="java.vm.specification.vendor" value="Oracle Corporation"/>
    <property name="os.name" value="Mac OS X"/>
    <property name="sun.jnu.encoding" value="UTF-8"/>
    <property name="java.library.path" value="/Users/helentester163com/Library/Java/Extensions:/Library/Java/Extensions:/Network/Library/Java/Extensions:/System/Library/Java/Extensions:/usr/lib/java:."/>
    <property name="surefire.test.class.path" value="/Users/helentester163com/Documents/workspace/mytest/target/test-classes:/Users/helentester163com/Documents/workspace/mytest/target/classes:/Users/helentester163com/.m2/repository/org/testng/testng/6.14.2/testng-6.14.2.jar:/Users/helentester163com/.m2/repository/com/beust/jcommander/1.72/jcommander-1.72.jar:/Users/helentester163com/.m2/repository/org/apache-extras/beanshell/bsh/2.0b6/bsh-2.0b6.jar:/Users/helentester163com/.m2/repository/org/uncommons/reportng/1.1.4/reportng-1.1.4.jar:/Users/helentester163com/.m2/repository/velocity/velocity/1.4/velocity-1.4.jar:/Users/helentester163com/.m2/repository/velocity/velocity-dep/1.4/velocity-dep-1.4.jar:/Users/helentester163com/.m2/repository/com/google/inject/guice/3.0/guice-3.0.jar:/Users/helentester163com/.m2/repository/javax/inject/javax.inject/1/javax.inject-1.jar:/Users/helentester163com/.m2/repository/aopalliance/aopalliance/1.0/aopalliance-1.0.jar:"/>
    <property name="java.specification.name" value="Java Platform API Specification"/>
    <property name="java.class.version" value="52.0"/>
    <property name="sun.management.compiler" value="HotSpot 64-Bit Tiered Compilers"/>
    <property name="os.version" value="10.13.2"/>
    <property name="http.nonProxyHosts" value="local|*.local|169.254/16|*.169.254/16"/>
    <property name="user.home" value="/Users/helentester163com"/>
    <property name="user.timezone" value="Asia/Chongqing"/>
    <property name="java.awt.printerjob" value="sun.lwawt.macosx.CPrinterJob"/>
    <property name="java.specification.version" value="1.8"/>
    <property name="file.encoding" value="UTF-8"/>
    <property name="user.name" value="helentester163com"/>
    <property name="java.class.path" value="/Users/helentester163com/Documents/workspace/mytest/target/test-classes:/Users/helentester163com/Documents/workspace/mytest/target/classes:/Users/helentester163com/.m2/repository/org/testng/testng/6.14.2/testng-6.14.2.jar:/Users/helentester163com/.m2/repository/com/beust/jcommander/1.72/jcommander-1.72.jar:/Users/helentester163com/.m2/repository/org/apache-extras/beanshell/bsh/2.0b6/bsh-2.0b6.jar:/Users/helentester163com/.m2/repository/org/uncommons/reportng/1.1.4/reportng-1.1.4.jar:/Users/helentester163com/.m2/repository/velocity/velocity/1.4/velocity-1.4.jar:/Users/helentester163com/.m2/repository/velocity/velocity-dep/1.4/velocity-dep-1.4.jar:/Users/helentester163com/.m2/repository/com/google/inject/guice/3.0/guice-3.0.jar:/Users/helentester163com/.m2/repository/javax/inject/javax.inject/1/javax.inject-1.jar:/Users/helentester163com/.m2/repository/aopalliance/aopalliance/1.0/aopalliance-1.0.jar:"/>
    <property name="java.vm.specification.version" value="1.8"/>
    <property name="sun.arch.data.model" value="64"/>
    <property name="java.home" value="/Library/Java/JavaVirtualMachines/jdk1.8.0_05.jdk/Contents/Home/jre"/>
    <property name="sun.java.command" value="/var/folders/_g/vhkvmngn49x1ldjb3n83l5xr0000gp/T/surefirebooter2456086405627112019.jar /var/folders/_g/vhkvmngn49x1ldjb3n83l5xr0000gp/T/surefire2692297981828639596tmp /var/folders/_g/vhkvmngn49x1ldjb3n83l5xr0000gp/T/surefire7868449990991426906tmp"/>
    <property name="java.specification.vendor" value="Oracle Corporation"/>
    <property name="user.language" value="zh"/>
    <property name="user.language.format" value="en"/>
    <property name="awt.toolkit" value="sun.lwawt.macosx.LWCToolkit"/>
    <property name="java.vm.info" value="mixed mode"/>
    <property name="java.version" value="1.8.0_05"/>
    <property name="java.ext.dirs" value="/Users/helentester163com/Library/Java/Extensions:/Library/Java/JavaVirtualMachines/jdk1.8.0_05.jdk/Contents/Home/jre/lib/ext:/Library/Java/Extensions:/Network/Library/Java/Extensions:/System/Library/Java/Extensions:/usr/lib/java"/>
    <property name="sun.boot.class.path" value="/Library/Java/JavaVirtualMachines/jdk1.8.0_05.jdk/Contents/Home/jre/lib/resources.jar:/Library/Java/JavaVirtualMachines/jdk1.8.0_05.jdk/Contents/Home/jre/lib/rt.jar:/Library/Java/JavaVirtualMachines/jdk1.8.0_05.jdk/Contents/Home/jre/lib/sunrsasign.jar:/Library/Java/JavaVirtualMachines/jdk1.8.0_05.jdk/Contents/Home/jre/lib/jsse.jar:/Library/Java/JavaVirtualMachines/jdk1.8.0_05.jdk/Contents/Home/jre/lib/jce.jar:/Library/Java/JavaVirtualMachines/jdk1.8.0_05.jdk/Contents/Home/jre/lib/charsets.jar:/Library/Java/JavaVirtualMachines/jdk1.8.0_05.jdk/Contents/Home/jre/lib/jfr.jar:/Library/Java/JavaVirtualMachines/jdk1.8.0_05.jdk/Contents/Home/jre/classes"/>
    <property name="java.vendor" value="Oracle Corporation"/>
    <property name="localRepository" value="/Users/helentester163com/.m2/repository"/>
    <property name="file.separator" value="/"/>
    <property name="java.vendor.url.bug" value="http://bugreport.sun.com/bugreport/"/>
    <property name="sun.cpu.endian" value="little"/>
    <property name="sun.io.unicode.encoding" value="UnicodeBig"/>
    <property name="socksNonProxyHosts" value="local|*.local|169.254/16|*.169.254/16"/>
    <property name="ftp.nonProxyHosts" value="local|*.local|169.254/16|*.169.254/16"/>
    <property name="sun.cpu.isalist" value=""/>
  </properties>
  <testcase classname="myTest.mytest.NewTest" name="f" time="0.003"/>
  <testcase classname="myTest.mytest.myTestNg" name="f1" time="0.002">
    <failure message="expected [b] but found [a]" type="java.lang.AssertionError">java.lang.AssertionError: expected [b] but found [a]
	at org.testng.Assert.fail(Assert.java:96)
	at org.testng.Assert.failNotEquals(Assert.java:776)
	at org.testng.Assert.assertEqualsImpl(Assert.java:137)
	at org.testng.Assert.assertEquals(Assert.java:118)
	at org.testng.Assert.assertEquals(Assert.java:453)
	at org.testng.Assert.assertEquals(Assert.java:463)
	at myTest.mytest.myTestNg.f1(myTestNg.java:9)
</failure>
  </testcase>
  <testcase classname="myTest.mytest.myTestNg" name="f2" time="0"/>
</testsuite>